#1 0 80000000     2cd5 r 01         80000002  c.jal    . + 0x2f4
#2 0 800002f4     7179 r 02         ffffffd0  c.addi16sp -0x3
#3 0 800002f6     d606 m fffffffc   80000002  c.swsp   ra, 0x2c
#4 0 800002f8     d422 m fffffff8   00000000  c.swsp   s0, 0x28
#5 0 800002fa     d226 m fffffff4   00000000  c.swsp   s1, 0x24
#6 0 800002fc     d04a m fffffff0   00000000  c.swsp   s2, 0x20
#7 0 800002fe     ce4e m ffffffec   00000000  c.swsp   s3, 0x1c
#8 0 80000300     cc52 m ffffffe8   00000000  c.swsp   s4, 0x18
#9 0 80000302     ca56 m ffffffe4   00000000  c.swsp   s5, 0x14
#10 0 80000304     c85a m ffffffe0   00000000  c.swsp   s6, 0x10
#11 0 80000306     c65e m ffffffdc   00000000  c.swsp   s7, 0xc
#12 0 80000308     c462 m ffffffd8   00000000  c.swsp   s8, 0x8
#13 0 8000030a     c266 m ffffffd4   00000000  c.swsp   s9, 0x4
#14 0 8000030c 70040417 r 08         f004030c  auipc    s0, 0x70040
#15 0 80000310 d8440413 r 08         f0040090  addi     s0, s0, -636
#16 0 80000314 70041497 r 09         f0041314  auipc    s1, 0x70041
#17 0 80000318 d7c48493 r 09         f0041090  addi     s1, s1, -644
#18 0 8000031c 70042917 r 12         f004231c  auipc    s2, 0x70042
#19 0 80000320 d7490913 r 12         f0042090  addi     s2, s2, -652
#20 0 80000324 70043997 r 13         f0043324  auipc    s3, 0x70043
#21 0 80000328 d6c98993 r 13         f0043090  addi     s3, s3, -660
#22 0 8000032c     4a01 r 14         00000000  c.li     s4, 0x0
#23 0 8000032e 40000a93 r 15         00000400  addi     s5, zero, 1024
#24 0 80000332 000a0563 r 00         00000000  beq      s4, zero, . + 0xa
#25 0 8000033c     62c1 r 05         00010000  c.lui    t0, 0x10
#26 0 8000033e 00542023 m f0040090   00010000  sw       t0, 0x0(s0)
#27 0 80000342 0004a023 m f0041090   00000000  sw       zero, 0x0(s1)
#28 0 80000346     0411 r 08         f0040094  c.addi   s0, 0x4
#29 0 80000348     0491 r 09         f0041094  c.addi   s1, 0x4
#30 0 8000034a     0a05 r 14         00000001  c.addi   s4, 0x1
#31 0 8000034c ff5a13e3 r 00         00000000  bne      s4, s5, . - 0x1a
#32 0 80000332 000a0563 r 00         00000000  beq      s4, zero, . + 0xa
#33 0 80000336 00042023 m f0040094   00000000  sw       zero, 0x0(s0)
#34 0 8000033a     a021 r 00         00000000  c.j      . + 0x8
#35 0 80000342 0004a023 m f0041094   00000000  sw       zero, 0x0(s1)
#36 0 80000346     0411 r 08         f0040098  c.addi   s0, 0x4
#37 0 80000348     0491 r 09         f0041098  c.addi   s1, 0x4
#38 0 8000034a     0a05 r 14         00000002  c.addi   s4, 0x1
#39 0 8000034c ff5a13e3 r 00         00000000  bne      s4, s5, . - 0x1a
#40 0 80000332 000a0563 r 00         00000000  beq      s4, zero, . + 0xa
#41 0 80000336 00042023 m f0040098   00000000  sw       zero, 0x0(s0)
#42 0 8000033a     a021 r 00         00000000  c.j      . + 0x8
#43 0 80000342 0004a023 m f0041098   00000000  sw       zero, 0x0(s1)
#44 0 80000346     0411 r 08         f004009c  c.addi   s0, 0x4
#45 0 80000348     0491 r 09         f004109c  c.addi   s1, 0x4
#46 0 8000034a     0a05 r 14         00000003  c.addi   s4, 0x1
#47 0 8000034c ff5a13e3 r 00         00000000  bne      s4, s5, . - 0x1a
#48 0 80000332 000a0563 r 00         00000000  beq      s4, zero, . + 0xa
#49 0 80000336 00042023 m f004009c   00000000  sw       zero, 0x0(s0)
#50 0 8000033a     a021 r 00         00000000  c.j      . + 0x8
#51 0 80000342 0004a023 m f004109c   00000000  sw       zero, 0x0(s1)
#52 0 80000346     0411 r 08         f00400a0  c.addi   s0, 0x4
#53 0 80000348     0491 r 09         f00410a0  c.addi   s1, 0x4
#54 0 8000034a     0a05 r 14         00000004  c.addi   s4, 0x1
#55 0 8000034c ff5a13e3 r 00         00000000  bne      s4, s5, . - 0x1a
#56 0 80000332 000a0563 r 00         00000000  beq      s4, zero, . + 0xa
#57 0 80000336 00042023 m f00400a0   00000000  sw       zero, 0x0(s0)
#58 0 8000033a     a021 r 00         00000000  c.j      . + 0x8
#59 0 80000342 0004a023 m f00410a0   00000000  sw       zero, 0x0(s1)
#60 0 80000346     0411 r 08         f00400a4  c.addi   s0, 0x4
#61 0 80000348     0491 r 09         f00410a4  c.addi   s1, 0x4
#62 0 8000034a     0a05 r 14         00000005  c.addi   s4, 0x1
#63 0 8000034c ff5a13e3 r 00         00000000  bne      s4, s5, . - 0x1a
#64 0 80000332 000a0563 r 00         00000000  beq      s4, zero, . + 0xa
#65 0 80000336 00042023 m f00400a4   00000000  sw       zero, 0x0(s0)
#66 0 8000033a     a021 r 00         00000000  c.j      . + 0x8
#67 0 80000342 0004a023 m f00410a4   00000000  sw       zero, 0x0(s1)
#68 0 80000346     0411 r 08         f00400a8  c.addi   s0, 0x4
#69 0 80000348     0491 r 09         f00410a8  c.addi   s1, 0x4
#70 0 8000034a     0a05 r 14         00000006  c.addi   s4, 0x1
#71 0 8000034c ff5a13e3 r 00         00000000  bne      s4, s5, . - 0x1a
#72 0 80000332 000a0563 r 00         00000000  beq      s4, zero, . + 0xa
#73 0 80000336 00042023 m f00400a8   00000000  sw       zero, 0x0(s0)
#74 0 8000033a     a021 r 00         00000000  c.j      . + 0x8
#75 0 80000342 0004a023 m f00410a8   00000000  sw       zero, 0x0(s1)
#76 0 80000346     0411 r 08         f00400ac  c.addi   s0, 0x4
#77 0 80000348     0491 r 09         f00410ac  c.addi   s1, 0x4
#78 0 8000034a     0a05 r 14         00000007  c.addi   s4, 0x1
#79 0 8000034c ff5a13e3 r 00         00000000  bne      s4, s5, . - 0x1a
#80 0 80000332 000a0563 r 00         00000000  beq      s4, zero, . + 0xa
#81 0 80000336 00042023 m f00400ac   00000000  sw       zero, 0x0(s0)
#82 0 8000033a     a021 r 00         00000000  c.j      . + 0x8
#83 0 80000342 0004a023 m f00410ac   00000000  sw       zero, 0x0(s1)
#84 0 80000346     0411 r 08         f00400b0  c.addi   s0, 0x4
#85 0 80000348     0491 r 09         f00410b0  c.addi   s1, 0x4
#86 0 8000034a     0a05 r 14         00000008  c.addi   s4, 0x1
#87 0 8000034c ff5a13e3 r 00         00000000  bne      s4, s5, . - 0x1a
#88 0 80000332 000a0563 r 00         00000000  beq      s4, zero, . + 0xa
#89 0 80000336 00042023 m f00400b0   00000000  sw       zero, 0x0(s0)
#90 0 8000033a     a021 r 00         00000000  c.j      . + 0x8
#91 0 80000342 0004a023 m f00410b0   00000000  sw       zero, 0x0(s1)
#92 0 80000346     0411 r 08         f00400b4  c.addi   s0, 0x4
#93 0 80000348     0491 r 09         f00410b4  c.addi   s1, 0x4
#94 0 8000034a     0a05 r 14         00000009  c.addi   s4, 0x1
#95 0 8000034c ff5a13e3 r 00         00000000  bne      s4, s5, . - 0x1a
#96 0 80000332 000a0563 r 00         00000000  beq      s4, zero, . + 0xa
#97 0 80000336 00042023 m f00400b4   00000000  sw       zero, 0x0(s0)
#98 0 8000033a     a021 r 00         00000000  c.j      . + 0x8
#99 0 80000342 0004a023 m f00410b4   00000000  sw       zero, 0x0(s1)
#100 0 80000346     0411 r 08         f00400b8  c.addi   s0, 0x4
#101 0 80000348     0491 r 09         f00410b8  c.addi   s1, 0x4
#102 0 8000034a     0a05 r 14         0000000a  c.addi   s4, 0x1
#103 0 8000034c ff5a13e3 r 00         00000000  bne      s4, s5, . - 0x1a
#104 0 80000332 000a0563 r 00         00000000  beq      s4, zero, . + 0xa
#105 0 80000336 00042023 m f00400b8   00000000  sw       zero, 0x0(s0)
#106 0 8000033a     a021 r 00         00000000  c.j      . + 0x8
#107 0 80000342 0004a023 m f00410b8   00000000  sw       zero, 0x0(s1)
#108 0 80000346     0411 r 08         f00400bc  c.addi   s0, 0x4
#109 0 80000348     0491 r 09         f00410bc  c.addi   s1, 0x4
#110 0 8000034a     0a05 r 14         0000000b  c.addi   s4, 0x1
#111 0 8000034c ff5a13e3 r 00         00000000  bne      s4, s5, . - 0x1a
#112 0 80000332 000a0563 r 00         00000000  beq      s4, zero, . + 0xa
#113 0 80000336 00042023 m f00400bc   00000000  sw       zero, 0x0(s0)
#114 0 8000033a     a021 r 00         00000000  c.j      . + 0x8
#115 0 80000342 0004a023 m f00410bc   00000000  sw       zero, 0x0(s1)
#116 0 80000346     0411 r 08         f00400c0  c.addi   s0, 0x4
#117 0 80000348     0491 r 09         f00410c0  c.addi   s1, 0x4
#118 0 8000034a     0a05 r 14         0000000c  c.addi   s4, 0x1
#119 0 8000034c ff5a13e3 r 00         00000000  bne      s4, s5, . - 0x1a
#120 0 80000332 000a0563 r 00         00000000  beq      s4, zero, . + 0xa
#121 0 80000336 00042023 m f00400c0   00000000  sw       zero, 0x0(s0)
#122 0 8000033a     a021 r 00         00000000  c.j      . + 0x8
#123 0 80000342 0004a023 m f00410c0   00000000  sw       zero, 0x0(s1)
#124 0 80000346     0411 r 08         f00400c4  c.addi   s0, 0x4
#125 0 80000348     0491 r 09         f00410c4  c.addi   s1, 0x4
#126 0 8000034a     0a05 r 14         0000000d  c.addi   s4, 0x1
#127 0 8000034c ff5a13e3 r 00         00000000  bne      s4, s5, . - 0x1a
#128 0 80000332 000a0563 r 00         00000000  beq      s4, zero, . + 0xa
#129 0 80000336 00042023 m f00400c4   00000000  sw       zero, 0x0(s0)
#130 0 8000033a     a021 r 00         00000000  c.j      . + 0x8
#131 0 80000342 0004a023 m f00410c4   00000000  sw       zero, 0x0(s1)
#132 0 80000346     0411 r 08         f00400c8  c.addi   s0, 0x4
#133 0 80000348     0491 r 09         f00410c8  c.addi   s1, 0x4
#134 0 8000034a     0a05 r 14         0000000e  c.addi   s4, 0x1
#135 0 8000034c ff5a13e3 r 00         00000000  bne      s4, s5, . - 0x1a
#136 0 80000332 000a0563 r 00         00000000  beq      s4, zero, . + 0xa
#137 0 80000336 00042023 m f00400c8   00000000  sw       zero, 0x0(s0)
#138 0 8000033a     a021 r 00         00000000  c.j      . + 0x8
#139 0 80000342 0004a023 m f00410c8   00000000  sw       zero, 0x0(s1)
#140 0 80000346     0411 r 08         f00400cc  c.addi   s0, 0x4
#141 0 80000348     0491 r 09         f00410cc  c.addi   s1, 0x4
#142 0 8000034a     0a05 r 14         0000000f  c.addi   s4, 0x1
#143 0 8000034c ff5a13e3 r 00         00000000  bne      s4, s5, . - 0x1a
#144 0 80000332 000a0563 r 00         00000000  beq      s4, zero, . + 0xa
#145 0 80000336 00042023 m f00400cc   00000000  sw       zero, 0x0(s0)
#146 0 8000033a     a021 r 00         00000000  c.j      . + 0x8
#147 0 80000342 0004a023 m f00410cc   00000000  sw       zero, 0x0(s1)
#148 0 80000346     0411 r 08         f00400d0  c.addi   s0, 0x4
#149 0 80000348     0491 r 09         f00410d0  c.addi   s1, 0x4
#150 0 8000034a     0a05 r 14         00000010  c.addi   s4, 0x1
#151 0 8000034c ff5a13e3 r 00         00000000  bne      s4, s5, . - 0x1a
#152 0 80000332 000a0563 r 00         00000000  beq      s4, zero, . + 0xa
#153 0 80000336 00042023 m f00400d0   00000000  sw       zero, 0x0(s0)
#154 0 8000033a     a021 r 00         00000000  c.j      . + 0x8
#155 0 80000342 0004a023 m f00410d0   00000000  sw       zero, 0x0(s1)
#156 0 80000346     0411 r 08         f00400d4  c.addi   s0, 0x4
#157 0 80000348     0491 r 09         f00410d4  c.addi   s1, 0x4
#158 0 8000034a     0a05 r 14         00000011  c.addi   s4, 0x1
#159 0 8000034c ff5a13e3 r 00         00000000  bne      s4, s5, . - 0x1a
#160 0 80000332 000a0563 r 00         00000000  beq      s4, zero, . + 0xa
#161 0 80000336 00042023 m f00400d4   00000000  sw       zero, 0x0(s0)
#162 0 8000033a     a021 r 00         00000000  c.j      . + 0x8
#163 0 80000342 0004a023 m f00410d4   00000000  sw       zero, 0x0(s1)
#164 0 80000346     0411 r 08         f00400d8  c.addi   s0, 0x4
#165 0 80000348     0491 r 09         f00410d8  c.addi   s1, 0x4
#166 0 8000034a     0a05 r 14         00000012  c.addi   s4, 0x1
#167 0 8000034c ff5a13e3 r 00         00000000  bne      s4, s5, . - 0x1a
#168 0 80000332 000a0563 r 00         00000000  beq      s4, zero, . + 0xa
#169 0 80000336 00042023 m f00400d8   00000000  sw       zero, 0x0(s0)
#170 0 8000033a     a021 r 00         00000000  c.j      . + 0x8
#171 0 80000342 0004a023 m f00410d8   00000000  sw       zero, 0x0(s1)
#172 0 80000346     0411 r 08         f00400dc  c.addi   s0, 0x4
#173 0 80000348     0491 r 09         f00410dc  c.addi   s1, 0x4
#174 0 8000034a     0a05 r 14         00000013  c.addi   s4, 0x1
#175 0 8000034c ff5a13e3 r 00         00000000  bne      s4, s5, . - 0x1a
#176 0 80000332 000a0563 r 00         00000000  beq      s4, zero, . + 0xa
#177 0 80000336 00042023 m f00400dc   00000000  sw       zero, 0x0(s0)
#178 0 8000033a     a021 r 00         00000000  c.j      . + 0x8
#179 0 80000342 0004a023 m f00410dc   00000000  sw       zero, 0x0(s1)
#180 0 80000346     0411 r 08         f00400e0  c.addi   s0, 0x4
#181 0 80000348     0491 r 09         f00410e0  c.addi   s1, 0x4
#182 0 8000034a     0a05 r 14         00000014  c.addi   s4, 0x1
#183 0 8000034c ff5a13e3 r 00         00000000  bne      s4, s5, . - 0x1a
#184 0 80000332 000a0563 r 00         00000000  beq      s4, zero, . + 0xa
#185 0 80000336 00042023 m f00400e0   00000000  sw       zero, 0x0(s0)
#186 0 8000033a     a021 r 00         00000000  c.j      . + 0x8
#187 0 80000342 0004a023 m f00410e0   00000000  sw       zero, 0x0(s1)
#188 0 80000346     0411 r 08         f00400e4  c.addi   s0, 0x4
#189 0 80000348     0491 r 09         f00410e4  c.addi   s1, 0x4
#190 0 8000034a     0a05 r 14         00000015  c.addi   s4, 0x1
#191 0 8000034c ff5a13e3 r 00         00000000  bne      s4, s5, . - 0x1a
#192 0 80000332 000a0563 r 00         00000000  beq      s4, zero, . + 0xa
#193 0 80000336 00042023 m f00400e4   00000000  sw       zero, 0x0(s0)
#194 0 8000033a     a021 r 00         00000000  c.j      . + 0x8
#195 0 80000342 0004a023 m f00410e4   00000000  sw       zero, 0x0(s1)
#196 0 80000346     0411 r 08         f00400e8  c.addi   s0, 0x4
#197 0 80000348     0491 r 09         f00410e8  c.addi   s1, 0x4
#198 0 8000034a     0a05 r 14         00000016  c.addi   s4, 0x1
#199 0 8000034c ff5a13e3 r 00         00000000  bne      s4, s5, . - 0x1a
#200 0 80000332 000a0563 r 00         00000000  beq      s4, zero, . + 0xa
#201 0 80000336 00042023 m f00400e8   00000000  sw       zero, 0x0(s0)
#202 0 8000033a     a021 r 00         00000000  c.j      . + 0x8
#203 0 80000342 0004a023 m f00410e8   00000000  sw       zero, 0x0(s1)
#204 0 80000346     0411 r 08         f00400ec  c.addi   s0, 0x4
#205 0 80000348     0491 r 09         f00410ec  c.addi   s1, 0x4
#206 0 8000034a     0a05 r 14         00000017  c.addi   s4, 0x1
#207 0 8000034c ff5a13e3 r 00         00000000  bne      s4, s5, . - 0x1a
#208 0 80000332 000a0563 r 00         00000000  beq      s4, zero, . + 0xa
#209 0 80000336 00042023 m f00400ec   00000000  sw       zero, 0x0(s0)
#210 0 8000033a     a021 r 00         00000000  c.j      . + 0x8
#211 0 80000342 0004a023 m f00410ec   00000000  sw       zero, 0x0(s1)
#212 0 80000346     0411 r 08         f00400f0  c.addi   s0, 0x4
#213 0 80000348     0491 r 09         f00410f0  c.addi   s1, 0x4
#214 0 8000034a     0a05 r 14         00000018  c.addi   s4, 0x1
#215 0 8000034c ff5a13e3 r 00         00000000  bne      s4, s5, . - 0x1a
#216 0 80000332 000a0563 r 00         00000000  beq      s4, zero, . + 0xa
#217 0 80000336 00042023 m f00400f0   00000000  sw       zero, 0x0(s0)
#218 0 8000033a     a021 r 00         00000000  c.j      . + 0x8
#219 0 80000342 0004a023 m f00410f0   00000000  sw       zero, 0x0(s1)
#220 0 80000346     0411 r 08         f00400f4  c.addi   s0, 0x4
#221 0 80000348     0491 r 09         f00410f4  c.addi   s1, 0x4
#222 0 8000034a     0a05 r 14         00000019  c.addi   s4, 0x1
#223 0 8000034c ff5a13e3 r 00         00000000  bne      s4, s5, . - 0x1a
#224 0 80000332 000a0563 r 00         00000000  beq      s4, zero, . + 0xa
#225 0 80000336 00042023 m f00400f4   00000000  sw       zero, 0x0(s0)
#226 0 8000033a     a021 r 00         00000000  c.j      . + 0x8
#227 0 80000342 0004a023 m f00410f4   00000000  sw       zero, 0x0(s1)
#228 0 80000346     0411 r 08         f00400f8  c.addi   s0, 0x4
#229 0 80000348     0491 r 09         f00410f8  c.addi   s1, 0x4
#230 0 8000034a     0a05 r 14         0000001a  c.addi   s4, 0x1
#231 0 8000034c ff5a13e3 r 00         00000000  bne      s4, s5, . - 0x1a
#232 0 80000332 000a0563 r 00         00000000  beq      s4, zero, . + 0xa
#233 0 80000336 00042023 m f00400f8   00000000  sw       zero, 0x0(s0)
#234 0 8000033a     a021 r 00         00000000  c.j      . + 0x8
#235 0 80000342 0004a023 m f00410f8   00000000  sw       zero, 0x0(s1)
#236 0 80000346     0411 r 08         f00400fc  c.addi   s0, 0x4
#237 0 80000348     0491 r 09         f00410fc  c.addi   s1, 0x4
#238 0 8000034a     0a05 r 14         0000001b  c.addi   s4, 0x1
#239 0 8000034c ff5a13e3 r 00         00000000  bne      s4, s5, . - 0x1a
#240 0 80000332 000a0563 r 00         00000000  beq      s4, zero, . + 0xa
#241 0 80000336 00042023 m f00400fc   00000000  sw       zero, 0x0(s0)
#242 0 8000033a     a021 r 00         00000000  c.j      . + 0x8
#243 0 80000342 0004a023 m f00410fc   00000000  sw       zero, 0x0(s1)
#244 0 80000346     0411 r 08         f0040100  c.addi   s0, 0x4
#245 0 80000348     0491 r 09         f0041100  c.addi   s1, 0x4
#246 0 8000034a     0a05 r 14         0000001c  c.addi   s4, 0x1
#247 0 8000034c ff5a13e3 r 00         00000000  bne      s4, s5, . - 0x1a
#248 0 80000332 000a0563 r 00         00000000  beq      s4, zero, . + 0xa
#249 0 80000336 00042023 m f0040100   00000000  sw       zero, 0x0(s0)
#250 0 8000033a     a021 r 00         00000000  c.j      . + 0x8
#251 0 80000342 0004a023 m f0041100   00000000  sw       zero, 0x0(s1)
#252 0 80000346     0411 r 08         f0040104  c.addi   s0, 0x4
#253 0 80000348     0491 r 09         f0041104  c.addi   s1, 0x4
#254 0 8000034a     0a05 r 14         0000001d  c.addi   s4, 0x1
#255 0 8000034c ff5a13e3 r 00         00000000  bne      s4, s5, . - 0x1a
#256 0 80000332 000a0563 r 00         00000000  beq      s4, zero, . + 0xa
#257 0 80000336 00042023 m f0040104   00000000  sw       zero, 0x0(s0)
#258 0 8000033a     a021 r 00         00000000  c.j      . + 0x8
#259 0 80000342 0004a023 m f0041104   00000000  sw       zero, 0x0(s1)
#260 0 80000346     0411 r 08         f0040108  c.addi   s0, 0x4
#261 0 80000348     0491 r 09         f0041108  c.addi   s1, 0x4
#262 0 8000034a     0a05 r 14         0000001e  c.addi   s4, 0x1
#263 0 8000034c ff5a13e3 r 00         00000000  bne      s4, s5, . - 0x1a
#264 0 80000332 000a0563 r 00         00000000  beq      s4, zero, . + 0xa
#265 0 80000336 00042023 m f0040108   00000000  sw       zero, 0x0(s0)
#266 0 8000033a     a021 r 00         00000000  c.j      . + 0x8
#267 0 80000342 0004a023 m f0041108   00000000  sw       zero, 0x0(s1)
#268 0 80000346     0411 r 08         f004010c  c.addi   s0, 0x4
#269 0 80000348     0491 r 09         f004110c  c.addi   s1, 0x4
#270 0 8000034a     0a05 r 14         0000001f  c.addi   s4, 0x1
#271 0 8000034c ff5a13e3 r 00         00000000  bne      s4, s5, . - 0x1a
#272 0 80000332 000a0563 r 00         00000000  beq      s4, zero, . + 0xa
#273 0 80000336 00042023 m f004010c   00000000  sw       zero, 0x0(s0)
#274 0 8000033a     a021 r 00         00000000  c.j      . + 0x8
#275 0 80000342 0004a023 m f004110c   00000000  sw       zero, 0x0(s1)
#276 0 80000346     0411 r 08         f0040110  c.addi   s0, 0x4
#277 0 80000348     0491 r 09         f0041110  c.addi   s1, 0x4
#278 0 8000034a     0a05 r 14         00000020  c.addi   s4, 0x1
#279 0 8000034c ff5a13e3 r 00         00000000  bne      s4, s5, . - 0x1a
#280 0 80000332 000a0563 r 00         00000000  beq      s4, zero, . + 0xa
#281 0 80000336 00042023 m f0040110   00000000  sw       zero, 0x0(s0)
#282 0 8000033a     a021 r 00         00000000  c.j      . + 0x8
#283 0 80000342 0004a023 m f0041110   00000000  sw       zero, 0x0(s1)
#284 0 80000346     0411 r 08         f0040114  c.addi   s0, 0x4
#285 0 80000348     0491 r 09         f0041114  c.addi   s1, 0x4
#286 0 8000034a     0a05 r 14         00000021  c.addi   s4, 0x1
#287 0 8000034c ff5a13e3 r 00         00000000  bne      s4, s5, . - 0x1a
#288 0 80000332 000a0563 r 00         00000000  beq      s4, zero, . + 0xa
#289 0 80000336 00042023 m f0040114   00000000  sw       zero, 0x0(s0)
#290 0 8000033a     a021 r 00         00000000  c.j      . + 0x8
#291 0 80000342 0004a023 m f0041114   00000000  sw       zero, 0x0(s1)
#292 0 80000346     0411 r 08         f0040118  c.addi   s0, 0x4
#293 0 80000348     0491 r 09         f0041118  c.addi   s1, 0x4
#294 0 8000034a     0a05 r 14         00000022  c.addi   s4, 0x1
#295 0 8000034c ff5a13e3 r 00         00000000  bne      s4, s5, . - 0x1a
#296 0 80000332 000a0563 r 00         00000000  beq      s4, zero, . + 0xa
#297 0 80000336 00042023 m f0040118   00000000  sw       zero, 0x0(s0)
#298 0 8000033a     a021 r 00         00000000  c.j      . + 0x8
#299 0 80000342 0004a023 m f0041118   00000000  sw       zero, 0x0(s1)
#300 0 80000346     0411 r 08         f004011c  c.addi   s0, 0x4
#301 0 80000348     0491 r 09         f004111c  c.addi   s1, 0x4
#302 0 8000034a     0a05 r 14         00000023  c.addi   s4, 0x1
#303 0 8000034c ff5a13e3 r 00         00000000  bne      s4, s5, . - 0x1a
#304 0 80000332 000a0563 r 00         00000000  beq      s4, zero, . + 0xa
#305 0 80000336 00042023 m f004011c   00000000  sw       zero, 0x0(s0)
#306 0 8000033a     a021 r 00         00000000  c.j      . + 0x8
#307 0 80000342 0004a023 m f004111c   00000000  sw       zero, 0x0(s1)
#308 0 80000346     0411 r 08         f0040120  c.addi   s0, 0x4
#309 0 80000348     0491 r 09         f0041120  c.addi   s1, 0x4
#310 0 8000034a     0a05 r 14         00000024  c.addi   s4, 0x1
#311 0 8000034c ff5a13e3 r 00         00000000  bne      s4, s5, . - 0x1a
#312 0 80000332 000a0563 r 00         00000000  beq      s4, zero, . + 0xa
#313 0 80000336 00042023 m f0040120   00000000  sw       zero, 0x0(s0)
#314 0 8000033a     a021 r 00         00000000  c.j      . + 0x8
#315 0 80000342 0004a023 m f0041120   00000000  sw       zero, 0x0(s1)
#316 0 80000346     0411 r 08         f0040124  c.addi   s0, 0x4
#317 0 80000348     0491 r 09         f0041124  c.addi   s1, 0x4
#318 0 8000034a     0a05 r 14         00000025  c.addi   s4, 0x1
#319 0 8000034c ff5a13e3 r 00         00000000  bne      s4, s5, . - 0x1a
#320 0 80000332 000a0563 r 00         00000000  beq      s4, zero, . + 0xa
#321 0 80000336 00042023 m f0040124   00000000  sw       zero, 0x0(s0)
#322 0 8000033a     a021 r 00         00000000  c.j      . + 0x8
#323 0 80000342 0004a023 m f0041124   00000000  sw       zero, 0x0(s1)
#324 0 80000346     0411 r 08         f0040128  c.addi   s0, 0x4
#325 0 80000348     0491 r 09         f0041128  c.addi   s1, 0x4
#326 0 8000034a     0a05 r 14         00000026  c.addi   s4, 0x1
#327 0 8000034c ff5a13e3 r 00         00000000  bne      s4, s5, . - 0x1a
#328 0 80000332 000a0563 r 00         00000000  beq      s4, zero, . + 0xa
#329 0 80000336 00042023 m f0040128   00000000  sw       zero, 0x0(s0)
#330 0 8000033a     a021 r 00         00000000  c.j      . + 0x8
#331 0 80000342 0004a023 m f0041128   00000000  sw       zero, 0x0(s1)
#332 0 80000346     0411 r 08         f004012c  c.addi   s0, 0x4
#333 0 80000348     0491 r 09         f004112c  c.addi   s1, 0x4
#334 0 8000034a     0a05 r 14         00000027  c.addi   s4, 0x1
#335 0 8000034c ff5a13e3 r 00         00000000  bne      s4, s5, . - 0x1a
#336 0 80000332 000a0563 r 00         00000000  beq      s4, zero, . + 0xa
#337 0 80000336 00042023 m f004012c   00000000  sw       zero, 0x0(s0)
#338 0 8000033a     a021 r 00         00000000  c.j      . + 0x8
#339 0 80000342 0004a023 m f004112c   00000000  sw       zero, 0x0(s1)
#340 0 80000346     0411 r 08         f0040130  c.addi   s0, 0x4
#341 0 80000348     0491 r 09         f0041130  c.addi   s1, 0x4
#342 0 8000034a     0a05 r 14         00000028  c.addi   s4, 0x1
#343 0 8000034c ff5a13e3 r 00         00000000  bne      s4, s5, . - 0x1a
#344 0 80000332 000a0563 r 00         00000000  beq      s4, zero, . + 0xa
#345 0 80000336 00042023 m f0040130   00000000  sw       zero, 0x0(s0)
#346 0 8000033a     a021 r 00         00000000  c.j      . + 0x8
#347 0 80000342 0004a023 m f0041130   00000000  sw       zero, 0x0(s1)
#348 0 80000346     0411 r 08         f0040134  c.addi   s0, 0x4
#349 0 80000348     0491 r 09         f0041134  c.addi   s1, 0x4
#350 0 8000034a     0a05 r 14         00000029  c.addi   s4, 0x1
#351 0 8000034c ff5a13e3 r 00         00000000  bne      s4, s5, . - 0x1a
#352 0 80000332 000a0563 r 00         00000000  beq      s4, zero, . + 0xa
#353 0 80000336 00042023 m f0040134   00000000  sw       zero, 0x0(s0)
#354 0 8000033a     a021 r 00         00000000  c.j      . + 0x8
#355 0 80000342 0004a023 m f0041134   00000000  sw       zero, 0x0(s1)
#356 0 80000346     0411 r 08         f0040138  c.addi   s0, 0x4
#357 0 80000348     0491 r 09         f0041138  c.addi   s1, 0x4
#358 0 8000034a     0a05 r 14         0000002a  c.addi   s4, 0x1
#359 0 8000034c ff5a13e3 r 00         00000000  bne      s4, s5, . - 0x1a
#360 0 80000332 000a0563 r 00         00000000  beq      s4, zero, . + 0xa
#361 0 80000336 00042023 m f0040138   00000000  sw       zero, 0x0(s0)
#362 0 8000033a     a021 r 00         00000000  c.j      . + 0x8
#363 0 80000342 0004a023 m f0041138   00000000  sw       zero, 0x0(s1)
#364 0 80000346     0411 r 08         f004013c  c.addi   s0, 0x4
#365 0 80000348     0491 r 09         f004113c  c.addi   s1, 0x4
#366 0 8000034a     0a05 r 14         0000002b  c.addi   s4, 0x1
#367 0 8000034c ff5a13e3 r 00         00000000  bne      s4, s5, . - 0x1a
#368 0 80000332 000a0563 r 00         00000000  beq      s4, zero, . + 0xa
#369 0 80000336 00042023 m f004013c   00000000  sw       zero, 0x0(s0)
#370 0 8000033a     a021 r 00         00000000  c.j      . + 0x8
#371 0 80000342 0004a023 m f004113c   00000000  sw       zero, 0x0(s1)
#372 0 80000346     0411 r 08         f0040140  c.addi   s0, 0x4
#373 0 80000348     0491 r 09         f0041140  c.addi   s1, 0x4
#374 0 8000034a     0a05 r 14         0000002c  c.addi   s4, 0x1
#375 0 8000034c ff5a13e3 r 00         00000000  bne      s4, s5, . - 0x1a
#376 0 80000332 000a0563 r 00         00000000  beq      s4, zero, . + 0xa
#377 0 80000336 00042023 m f0040140   00000000  sw       zero, 0x0(s0)
#378 0 8000033a     a021 r 00         00000000  c.j      . + 0x8
#379 0 80000342 0004a023 m f0041140   00000000  sw       zero, 0x0(s1)
#380 0 80000346     0411 r 08         f0040144  c.addi   s0, 0x4
#381 0 80000348     0491 r 09         f0041144  c.addi   s1, 0x4
#382 0 8000034a     0a05 r 14         0000002d  c.addi   s4, 0x1
#383 0 8000034c ff5a13e3 r 00         00000000  bne      s4, s5, . - 0x1a
#384 0 80000332 000a0563 r 00         00000000  beq      s4, zero, . + 0xa
#385 0 80000336 00042023 m f0040144   00000000  sw       zero, 0x0(s0)
#386 0 8000033a     a021 r 00         00000000  c.j      . + 0x8
#387 0 80000342 0004a023 m f0041144   00000000  sw       zero, 0x0(s1)
#388 0 80000346     0411 r 08         f0040148  c.addi   s0, 0x4
#389 0 80000348     0491 r 09         f0041148  c.addi   s1, 0x4
#390 0 8000034a     0a05 r 14         0000002e  c.addi   s4, 0x1
#391 0 8000034c ff5a13e3 r 00         00000000  bne      s4, s5, . - 0x1a
#392 0 80000332 000a0563 r 00         00000000  beq      s4, zero, . + 0xa
#393 0 80000336 00042023 m f0040148   00000000  sw       zero, 0x0(s0)
#394 0 8000033a     a021 r 00         00000000  c.j      . + 0x8
#395 0 80000342 0004a023 m f0041148   00000000  sw       zero, 0x0(s1)
#396 0 80000346     0411 r 08         f004014c  c.addi   s0, 0x4
#397 0 80000348     0491 r 09         f004114c  c.addi   s1, 0x4
#398 0 8000034a     0a05 r 14         0000002f  c.addi   s4, 0x1
#399 0 8000034c ff5a13e3 r 00         00000000  bne      s4, s5, . - 0x1a
#400 0 80000332 000a0563 r 00         00000000  beq      s4, zero, . + 0xa
#401 0 80000336 00042023 m f004014c   00000000  sw       zero, 0x0(s0)
#402 0 8000033a     a021 r 00         00000000  c.j      . + 0x8
#403 0 80000342 0004a023 m f004114c   00000000  sw       zero, 0x0(s1)
#404 0 80000346     0411 r 08         f0040150  c.addi   s0, 0x4
#405 0 80000348     0491 r 09         f0041150  c.addi   s1, 0x4
#406 0 8000034a     0a05 r 14         00000030  c.addi   s4, 0x1
#407 0 8000034c ff5a13e3 r 00         00000000  bne      s4, s5, . - 0x1a
#408 0 80000332 000a0563 r 00         00000000  beq      s4, zero, . + 0xa
#409 0 80000336 00042023 m f0040150   00000000  sw       zero, 0x0(s0)
#410 0 8000033a     a021 r 00         00000000  c.j      . + 0x8
#411 0 80000342 0004a023 m f0041150   00000000  sw       zero, 0x0(s1)
#412 0 80000346     0411 r 08         f0040154  c.addi   s0, 0x4
#413 0 80000348     0491 r 09         f0041154  c.addi   s1, 0x4
#414 0 8000034a     0a05 r 14         00000031  c.addi   s4, 0x1
#415 0 8000034c ff5a13e3 r 00         00000000  bne      s4, s5, . - 0x1a
#416 0 80000332 000a0563 r 00         00000000  beq      s4, zero, . + 0xa
#417 0 80000336 00042023 m f0040154   00000000  sw       zero, 0x0(s0)
#418 0 8000033a     a021 r 00         00000000  c.j      . + 0x8
#419 0 80000342 0004a023 m f0041154   00000000  sw       zero, 0x0(s1)
#420 0 80000346     0411 r 08         f0040158  c.addi   s0, 0x4
#421 0 80000348     0491 r 09         f0041158  c.addi   s1, 0x4
#422 0 8000034a     0a05 r 14         00000032  c.addi   s4, 0x1
#423 0 8000034c ff5a13e3 r 00         00000000  bne      s4, s5, . - 0x1a
#424 0 80000332 000a0563 r 00         00000000  beq      s4, zero, . + 0xa
#425 0 80000336 00042023 m f0040158   00000000  sw       zero, 0x0(s0)
#426 0 8000033a     a021 r 00         00000000  c.j      . + 0x8
#427 0 80000342 0004a023 m f0041158   00000000  sw       zero, 0x0(s1)
#428 0 80000346     0411 r 08         f004015c  c.addi   s0, 0x4
#429 0 80000348     0491 r 09         f004115c  c.addi   s1, 0x4
#430 0 8000034a     0a05 r 14         00000033  c.addi   s4, 0x1
#431 0 8000034c ff5a13e3 r 00         00000000  bne      s4, s5, . - 0x1a
#432 0 80000332 000a0563 r 00         00000000  beq      s4, zero, . + 0xa
#433 0 80000336 00042023 m f004015c   00000000  sw       zero, 0x0(s0)
#434 0 8000033a     a021 r 00         00000000  c.j      . + 0x8
#435 0 80000342 0004a023 m f004115c   00000000  sw       zero, 0x0(s1)
#436 0 80000346     0411 r 08         f0040160  c.addi   s0, 0x4
#437 0 80000348     0491 r 09         f0041160  c.addi   s1, 0x4
#438 0 8000034a     0a05 r 14         00000034  c.addi   s4, 0x1
#439 0 8000034c ff5a13e3 r 00         00000000  bne      s4, s5, . - 0x1a
#440 0 80000332 000a0563 r 00         00000000  beq      s4, zero, . + 0xa
#441 0 80000336 00042023 m f0040160   00000000  sw       zero, 0x0(s0)
#442 0 8000033a     a021 r 00         00000000  c.j      . + 0x8
#443 0 80000342 0004a023 m f0041160   00000000  sw       zero, 0x0(s1)
#444 0 80000346     0411 r 08         f0040164  c.addi   s0, 0x4
#445 0 80000348     0491 r 09         f0041164  c.addi   s1, 0x4
#446 0 8000034a     0a05 r 14         00000035  c.addi   s4, 0x1
#447 0 8000034c ff5a13e3 r 00         00000000  bne      s4, s5, . - 0x1a
#448 0 80000332 000a0563 r 00         00000000  beq      s4, zero, . + 0xa
#449 0 80000336 00042023 m f0040164   00000000  sw       zero, 0x0(s0)
#450 0 8000033a     a021 r 00         00000000  c.j      . + 0x8
#451 0 80000342 0004a023 m f0041164   00000000  sw       zero, 0x0(s1)
#452 0 80000346     0411 r 08         f0040168  c.addi   s0, 0x4
#453 0 80000348     0491 r 09         f0041168  c.addi   s1, 0x4
#454 0 8000034a     0a05 r 14         00000036  c.addi   s4, 0x1
#455 0 8000034c ff5a13e3 r 00         00000000  bne      s4, s5, . - 0x1a
#456 0 80000332 000a0563 r 00         00000000  beq      s4, zero, . + 0xa
#457 0 80000336 00042023 m f0040168   00000000  sw       zero, 0x0(s0)
#458 0 8000033a     a021 r 00         00000000  c.j      . + 0x8
#459 0 80000342 0004a023 m f0041168   00000000  sw       zero, 0x0(s1)
#460 0 80000346     0411 r 08         f004016c  c.addi   s0, 0x4
#461 0 80000348     0491 r 09         f004116c  c.addi   s1, 0x4
#462 0 8000034a     0a05 r 14         00000037  c.addi   s4, 0x1
#463 0 8000034c ff5a13e3 r 00         00000000  bne      s4, s5, . - 0x1a
#464 0 80000332 000a0563 r 00         00000000  beq      s4, zero, . + 0xa
#465 0 80000336 00042023 m f004016c   00000000  sw       zero, 0x0(s0)
#466 0 8000033a     a021 r 00         00000000  c.j      . + 0x8
#467 0 80000342 0004a023 m f004116c   00000000  sw       zero, 0x0(s1)
#468 0 80000346     0411 r 08         f0040170  c.addi   s0, 0x4
#469 0 80000348     0491 r 09         f0041170  c.addi   s1, 0x4
#470 0 8000034a     0a05 r 14         00000038  c.addi   s4, 0x1
#471 0 8000034c ff5a13e3 r 00         00000000  bne      s4, s5, . - 0x1a
#472 0 80000332 000a0563 r 00         00000000  beq      s4, zero, . + 0xa
#473 0 80000336 00042023 m f0040170   00000000  sw       zero, 0x0(s0)
#474 0 8000033a     a021 r 00         00000000  c.j      . + 0x8
#475 0 80000342 0004a023 m f0041170   00000000  sw       zero, 0x0(s1)
#476 0 80000346     0411 r 08         f0040174  c.addi   s0, 0x4
#477 0 80000348     0491 r 09         f0041174  c.addi   s1, 0x4
#478 0 8000034a     0a05 r 14         00000039  c.addi   s4, 0x1
#479 0 8000034c ff5a13e3 r 00         00000000  bne      s4, s5, . - 0x1a
#480 0 80000332 000a0563 r 00         00000000  beq      s4, zero, . + 0xa
#481 0 80000336 00042023 m f0040174   00000000  sw       zero, 0x0(s0)
#482 0 8000033a     a021 r 00         00000000  c.j      . + 0x8
#483 0 80000342 0004a023 m f0041174   00000000  sw       zero, 0x0(s1)
#484 0 80000346     0411 r 08         f0040178  c.addi   s0, 0x4
#485 0 80000348     0491 r 09         f0041178  c.addi   s1, 0x4
#486 0 8000034a     0a05 r 14         0000003a  c.addi   s4, 0x1
#487 0 8000034c ff5a13e3 r 00         00000000  bne      s4, s5, . - 0x1a
#488 0 80000332 000a0563 r 00         00000000  beq      s4, zero, . + 0xa
#489 0 80000336 00042023 m f0040178   00000000  sw       zero, 0x0(s0)
#490 0 8000033a     a021 r 00         00000000  c.j      . + 0x8
#491 0 80000342 0004a023 m f0041178   00000000  sw       zero, 0x0(s1)
#492 0 80000346     0411 r 08         f004017c  c.addi   s0, 0x4
#493 0 80000348     0491 r 09         f004117c  c.addi   s1, 0x4
#494 0 8000034a     0a05 r 14         0000003b  c.addi   s4, 0x1
#495 0 8000034c ff5a13e3 r 00         00000000  bne      s4, s5, . - 0x1a
#496 0 80000332 000a0563 r 00         00000000  beq      s4, zero, . + 0xa
#497 0 80000336 00042023 m f004017c   00000000  sw       zero, 0x0(s0)
#498 0 8000033a     a021 r 00         00000000  c.j      . + 0x8
#499 0 80000342 0004a023 m f004117c   00000000  sw       zero, 0x0(s1)
#500 0 80000346     0411 r 08         f0040180  c.addi   s0, 0x4
#501 0 80000348     0491 r 09         f0041180  c.addi   s1, 0x4
#502 0 8000034a     0a05 r 14         0000003c  c.addi   s4, 0x1
#503 0 8000034c ff5a13e3 r 00         00000000  bne      s4, s5, . - 0x1a
#504 0 80000332 000a0563 r 00         00000000  beq      s4, zero, . + 0xa
#505 0 80000336 00042023 m f0040180   00000000  sw       zero, 0x0(s0)
#506 0 8000033a     a021 r 00         00000000  c.j      . + 0x8
#507 0 80000342 0004a023 m f0041180   00000000  sw       zero, 0x0(s1)
#508 0 80000346     0411 r 08         f0040184  c.addi   s0, 0x4
#509 0 80000348     0491 r 09         f0041184  c.addi   s1, 0x4
#510 0 8000034a     0a05 r 14         0000003d  c.addi   s4, 0x1
#511 0 8000034c ff5a13e3 r 00         00000000  bne      s4, s5, . - 0x1a
#512 0 80000332 000a0563 r 00         00000000  beq      s4, zero, . + 0xa
#513 0 80000336 00042023 m f0040184   00000000  sw       zero, 0x0(s0)
#514 0 8000033a     a021 r 00         00000000  c.j      . + 0x8
#515 0 80000342 0004a023 m f0041184   00000000  sw       zero, 0x0(s1)
#516 0 80000346     0411 r 08         f0040188  c.addi   s0, 0x4
#517 0 80000348     0491 r 09         f0041188  c.addi   s1, 0x4
#518 0 8000034a     0a05 r 14         0000003e  c.addi   s4, 0x1
#519 0 8000034c ff5a13e3 r 00         00000000  bne      s4, s5, . - 0x1a
#520 0 80000332 000a0563 r 00         00000000  beq      s4, zero, . + 0xa
#521 0 80000336 00042023 m f0040188   00000000  sw       zero, 0x0(s0)
#522 0 8000033a     a021 r 00         00000000  c.j      . + 0x8
#523 0 80000342 0004a023 m f0041188   00000000  sw       zero, 0x0(s1)
#524 0 80000346     0411 r 08         f004018c  c.addi   s0, 0x4
#525 0 80000348     0491 r 09         f004118c  c.addi   s1, 0x4
#526 0 8000034a     0a05 r 14         0000003f  c.addi   s4, 0x1
#527 0 8000034c ff5a13e3 r 00         00000000  bne      s4, s5, . - 0x1a
#528 0 80000332 000a0563 r 00         00000000  beq      s4, zero, . + 0xa
#529 0 80000336 00042023 m f004018c   00000000  sw       zero, 0x0(s0)
#530 0 8000033a     a021 r 00         00000000  c.j      . + 0x8
#531 0 80000342 0004a023 m f004118c   00000000  sw       zero, 0x0(s1)
#532 0 80000346     0411 r 08         f0040190  c.addi   s0, 0x4
#533 0 80000348     0491 r 09         f0041190  c.addi   s1, 0x4
#534 0 8000034a     0a05 r 14         00000040  c.addi   s4, 0x1
#535 0 8000034c ff5a13e3 r 00         00000000  bne      s4, s5, . - 0x1a
#536 0 80000332 000a0563 r 00         00000000  beq      s4, zero, . + 0xa
#537 0 80000336 00042023 m f0040190   00000000  sw       zero, 0x0(s0)
#538 0 8000033a     a021 r 00         00000000  c.j      . + 0x8
#539 0 80000342 0004a023 m f0041190   00000000  sw       zero, 0x0(s1)
#540 0 80000346     0411 r 08         f0040194  c.addi   s0, 0x4
#541 0 80000348     0491 r 09         f0041194  c.addi   s1, 0x4
#542 0 8000034a     0a05 r 14         00000041  c.addi   s4, 0x1
#543 0 8000034c ff5a13e3 r 00         00000000  bne      s4, s5, . - 0x1a
#544 0 80000332 000a0563 r 00         00000000  beq      s4, zero, . + 0xa
#545 0 80000336 00042023 m f0040194   00000000  sw       zero, 0x0(s0)
#546 0 8000033a     a021 r 00         00000000  c.j      . + 0x8
#547 0 80000342 0004a023 m f0041194   00000000  sw       zero, 0x0(s1)
#548 0 80000346     0411 r 08         f0040198  c.addi   s0, 0x4
#549 0 80000348     0491 r 09         f0041198  c.addi   s1, 0x4
#550 0 8000034a     0a05 r 14         00000042  c.addi   s4, 0x1
#551 0 8000034c ff5a13e3 r 00         00000000  bne      s4, s5, . - 0x1a
#552 0 80000332 000a0563 r 00         00000000  beq      s4, zero, . + 0xa
#553 0 80000336 00042023 m f0040198   00000000  sw       zero, 0x0(s0)
#554 0 8000033a     a021 r 00         00000000  c.j      . + 0x8
#555 0 80000342 0004a023 m f0041198   00000000  sw       zero, 0x0(s1)
#556 0 80000346     0411 r 08         f004019c  c.addi   s0, 0x4
#557 0 80000348     0491 r 09         f004119c  c.addi   s1, 0x4
#558 0 8000034a     0a05 r 14         00000043  c.addi   s4, 0x1
#559 0 8000034c ff5a13e3 r 00         00000000  bne      s4, s5, . - 0x1a
#560 0 80000332 000a0563 r 00         00000000  beq      s4, zero, . + 0xa
#561 0 80000336 00042023 m f004019c   00000000  sw       zero, 0x0(s0)
#562 0 8000033a     a021 r 00         00000000  c.j      . + 0x8
#563 0 80000342 0004a023 m f004119c   00000000  sw       zero, 0x0(s1)
#564 0 80000346     0411 r 08         f00401a0  c.addi   s0, 0x4
#565 0 80000348     0491 r 09         f00411a0  c.addi   s1, 0x4
#566 0 8000034a     0a05 r 14         00000044  c.addi   s4, 0x1
#567 0 8000034c ff5a13e3 r 00         00000000  bne      s4, s5, . - 0x1a
#568 0 80000332 000a0563 r 00         00000000  beq      s4, zero, . + 0xa
#569 0 80000336 00042023 m f00401a0   00000000  sw       zero, 0x0(s0)
#570 0 8000033a     a021 r 00         00000000  c.j      . + 0x8
#571 0 80000342 0004a023 m f00411a0   00000000  sw       zero, 0x0(s1)
#572 0 80000346     0411 r 08         f00401a4  c.addi   s0, 0x4
#573 0 80000348     0491 r 09         f00411a4  c.addi   s1, 0x4
#574 0 8000034a     0a05 r 14         00000045  c.addi   s4, 0x1
#575 0 8000034c ff5a13e3 r 00         00000000  bne      s4, s5, . - 0x1a
#576 0 80000332 000a0563 r 00         00000000  beq      s4, zero, . + 0xa
#577 0 80000336 00042023 m f00401a4   00000000  sw       zero, 0x0(s0)
#578 0 8000033a     a021 r 00         00000000  c.j      . + 0x8
#579 0 80000342 0004a023 m f00411a4   00000000  sw       zero, 0x0(s1)
#580 0 80000346     0411 r 08         f00401a8  c.addi   s0, 0x4
#581 0 80000348     0491 r 09         f00411a8  c.addi   s1, 0x4
#582 0 8000034a     0a05 r 14         00000046  c.addi   s4, 0x1
#583 0 8000034c ff5a13e3 r 00         00000000  bne      s4, s5, . - 0x1a
#584 0 80000332 000a0563 r 00         00000000  beq      s4, zero, . + 0xa
#585 0 80000336 00042023 m f00401a8   00000000  sw       zero, 0x0(s0)
#586 0 8000033a     a021 r 00         00000000  c.j      . + 0x8
#587 0 80000342 0004a023 m f00411a8   00000000  sw       zero, 0x0(s1)
#588 0 80000346     0411 r 08         f00401ac  c.addi   s0, 0x4
#589 0 80000348     0491 r 09         f00411ac  c.addi   s1, 0x4
#590 0 8000034a     0a05 r 14         00000047  c.addi   s4, 0x1
#591 0 8000034c ff5a13e3 r 00         00000000  bne      s4, s5, . - 0x1a
#592 0 80000332 000a0563 r 00         00000000  beq      s4, zero, . + 0xa
#593 0 80000336 00042023 m f00401ac   00000000  sw       zero, 0x0(s0)
#594 0 8000033a     a021 r 00         00000000  c.j      . + 0x8
#595 0 80000342 0004a023 m f00411ac   00000000  sw       zero, 0x0(s1)
#596 0 80000346     0411 r 08         f00401b0  c.addi   s0, 0x4
#597 0 80000348     0491 r 09         f00411b0  c.addi   s1, 0x4
#598 0 8000034a     0a05 r 14         00000048  c.addi   s4, 0x1
#599 0 8000034c ff5a13e3 r 00         00000000  bne      s4, s5, . - 0x1a
#600 0 80000332 000a0563 r 00         00000000  beq      s4, zero, . + 0xa
#601 0 80000336 00042023 m f00401b0   00000000  sw       zero, 0x0(s0)
#602 0 8000033a     a021 r 00         00000000  c.j      . + 0x8
#603 0 80000342 0004a023 m f00411b0   00000000  sw       zero, 0x0(s1)
#604 0 80000346     0411 r 08         f00401b4  c.addi   s0, 0x4
#605 0 80000348     0491 r 09         f00411b4  c.addi   s1, 0x4
#606 0 8000034a     0a05 r 14         00000049  c.addi   s4, 0x1
#607 0 8000034c ff5a13e3 r 00         00000000  bne      s4, s5, . - 0x1a
#608 0 80000332 000a0563 r 00         00000000  beq      s4, zero, . + 0xa
#609 0 80000336 00042023 m f00401b4   00000000  sw       zero, 0x0(s0)
#610 0 8000033a     a021 r 00         00000000  c.j      . + 0x8
#611 0 80000342 0004a023 m f00411b4   00000000  sw       zero, 0x0(s1)
#612 0 80000346     0411 r 08         f00401b8  c.addi   s0, 0x4
#613 0 80000348     0491 r 09         f00411b8  c.addi   s1, 0x4
#614 0 8000034a     0a05 r 14         0000004a  c.addi   s4, 0x1
#615 0 8000034c ff5a13e3 r 00         00000000  bne      s4, s5, . - 0x1a
#616 0 80000332 000a0563 r 00         00000000  beq      s4, zero, . + 0xa
#617 0 80000336 00042023 m f00401b8   00000000  sw       zero, 0x0(s0)
#618 0 8000033a     a021 r 00         00000000  c.j      . + 0x8
#619 0 80000342 0004a023 m f00411b8   00000000  sw       zero, 0x0(s1)
#620 0 80000346     0411 r 08         f00401bc  c.addi   s0, 0x4
#621 0 80000348     0491 r 09         f00411bc  c.addi   s1, 0x4
#622 0 8000034a     0a05 r 14         0000004b  c.addi   s4, 0x1
#623 0 8000034c ff5a13e3 r 00         00000000  bne      s4, s5, . - 0x1a
#624 0 80000332 000a0563 r 00         00000000  beq      s4, zero, . + 0xa
#625 0 80000336 00042023 m f00401bc   00000000  sw       zero, 0x0(s0)
#626 0 8000033a     a021 r 00         00000000  c.j      . + 0x8
#627 0 80000342 0004a023 m f00411bc   00000000  sw       zero, 0x0(s1)
#628 0 80000346     0411 r 08         f00401c0  c.addi   s0, 0x4
#629 0 80000348     0491 r 09         f00411c0  c.addi   s1, 0x4
#630 0 8000034a     0a05 r 14         0000004c  c.addi   s4, 0x1
#631 0 8000034c ff5a13e3 r 00         00000000  bne      s4, s5, . - 0x1a
#632 0 80000332 000a0563 r 00         00000000  beq      s4, zero, . + 0xa
#633 0 80000336 00042023 m f00401c0   00000000  sw       zero, 0x0(s0)
#634 0 8000033a     a021 r 00         00000000  c.j      . + 0x8
#635 0 80000342 0004a023 m f00411c0   00000000  sw       zero, 0x0(s1)
#636 0 80000346     0411 r 08         f00401c4  c.addi   s0, 0x4
#637 0 80000348     0491 r 09         f00411c4  c.addi   s1, 0x4
#638 0 8000034a     0a05 r 14         0000004d  c.addi   s4, 0x1
#639 0 8000034c ff5a13e3 r 00         00000000  bne      s4, s5, . - 0x1a
#640 0 80000332 000a0563 r 00         00000000  beq      s4, zero, . + 0xa
#641 0 80000336 00042023 m f00401c4   00000000  sw       zero, 0x0(s0)
#642 0 8000033a     a021 r 00         00000000  c.j      . + 0x8
#643 0 80000342 0004a023 m f00411c4   00000000  sw       zero, 0x0(s1)
#644 0 80000346     0411 r 08         f00401c8  c.addi   s0, 0x4
#645 0 80000348     0491 r 09         f00411c8  c.addi   s1, 0x4
#646 0 8000034a     0a05 r 14         0000004e  c.addi   s4, 0x1
#647 0 8000034c ff5a13e3 r 00         00000000  bne      s4, s5, . - 0x1a
#648 0 80000332 000a0563 r 00         00000000  beq      s4, zero, . + 0xa
#649 0 80000336 00042023 m f00401c8   00000000  sw       zero, 0x0(s0)
#650 0 8000033a     a021 r 00         00000000  c.j      . + 0x8
#651 0 80000342 0004a023 m f00411c8   00000000  sw       zero, 0x0(s1)
#652 0 80000346     0411 r 08         f00401cc  c.addi   s0, 0x4
#653 0 80000348     0491 r 09         f00411cc  c.addi   s1, 0x4
#654 0 8000034a     0a05 r 14         0000004f  c.addi   s4, 0x1
#655 0 8000034c ff5a13e3 r 00         00000000  bne      s4, s5, . - 0x1a
#656 0 80000332 000a0563 r 00         00000000  beq      s4, zero, . + 0xa
#657 0 80000336 00042023 m f00401cc   00000000  sw       zero, 0x0(s0)
#658 0 8000033a     a021 r 00         00000000  c.j      . + 0x8
#659 0 80000342 0004a023 m f00411cc   00000000  sw       zero, 0x0(s1)
#660 0 80000346     0411 r 08         f00401d0  c.addi   s0, 0x4
#661 0 80000348     0491 r 09         f00411d0  c.addi   s1, 0x4
#662 0 8000034a     0a05 r 14         00000050  c.addi   s4, 0x1
#663 0 8000034c ff5a13e3 r 00         00000000  bne      s4, s5, . - 0x1a
#664 0 80000332 000a0563 r 00         00000000  beq      s4, zero, . + 0xa
#665 0 80000336 00042023 m f00401d0   00000000  sw       zero, 0x0(s0)
#666 0 8000033a     a021 r 00         00000000  c.j      . + 0x8
#667 0 80000342 0004a023 m f00411d0   00000000  sw       zero, 0x0(s1)
#668 0 80000346     0411 r 08         f00401d4  c.addi   s0, 0x4
#669 0 80000348     0491 r 09         f00411d4  c.addi   s1, 0x4
#670 0 8000034a     0a05 r 14         00000051  c.addi   s4, 0x1
#671 0 8000034c ff5a13e3 r 00         00000000  bne      s4, s5, . - 0x1a
#672 0 80000332 000a0563 r 00         00000000  beq      s4, zero, . + 0xa
#673 0 80000336 00042023 m f00401d4   00000000  sw       zero, 0x0(s0)
#674 0 8000033a     a021 r 00         00000000  c.j      . + 0x8
#675 0 80000342 0004a023 m f00411d4   00000000  sw       zero, 0x0(s1)
#676 0 80000346     0411 r 08         f00401d8  c.addi   s0, 0x4
#677 0 80000348     0491 r 09         f00411d8  c.addi   s1, 0x4
#678 0 8000034a     0a05 r 14         00000052  c.addi   s4, 0x1
#679 0 8000034c ff5a13e3 r 00         00000000  bne      s4, s5, . - 0x1a
#680 0 80000332 000a0563 r 00         00000000  beq      s4, zero, . + 0xa
#681 0 80000336 00042023 m f00401d8   00000000  sw       zero, 0x0(s0)
#682 0 8000033a     a021 r 00         00000000  c.j      . + 0x8
#683 0 80000342 0004a023 m f00411d8   00000000  sw       zero, 0x0(s1)
#684 0 80000346     0411 r 08         f00401dc  c.addi   s0, 0x4
#685 0 80000348     0491 r 09         f00411dc  c.addi   s1, 0x4
#686 0 8000034a     0a05 r 14         00000053  c.addi   s4, 0x1
#687 0 8000034c ff5a13e3 r 00         00000000  bne      s4, s5, . - 0x1a
#688 0 80000332 000a0563 r 00         00000000  beq      s4, zero, . + 0xa
#689 0 80000336 00042023 m f00401dc   00000000  sw       zero, 0x0(s0)
#690 0 8000033a     a021 r 00         00000000  c.j      . + 0x8
#691 0 80000342 0004a023 m f00411dc   00000000  sw       zero, 0x0(s1)
#692 0 80000346     0411 r 08         f00401e0  c.addi   s0, 0x4
#693 0 80000348     0491 r 09         f00411e0  c.addi   s1, 0x4
#694 0 8000034a     0a05 r 14         00000054  c.addi   s4, 0x1
#695 0 8000034c ff5a13e3 r 00         00000000  bne      s4, s5, . - 0x1a
#696 0 80000332 000a0563 r 00         00000000  beq      s4, zero, . + 0xa
#697 0 80000336 00042023 m f00401e0   00000000  sw       zero, 0x0(s0)
#698 0 8000033a     a021 r 00         00000000  c.j      . + 0x8
#699 0 80000342 0004a023 m f00411e0   00000000  sw       zero, 0x0(s1)
#700 0 80000346     0411 r 08         f00401e4  c.addi   s0, 0x4
#701 0 80000348     0491 r 09         f00411e4  c.addi   s1, 0x4
#702 0 8000034a     0a05 r 14         00000055  c.addi   s4, 0x1
#703 0 8000034c ff5a13e3 r 00         00000000  bne      s4, s5, . - 0x1a
#704 0 80000332 000a0563 r 00         00000000  beq      s4, zero, . + 0xa
#705 0 80000336 00042023 m f00401e4   00000000  sw       zero, 0x0(s0)
#706 0 8000033a     a021 r 00         00000000  c.j      . + 0x8
#707 0 80000342 0004a023 m f00411e4   00000000  sw       zero, 0x0(s1)
#708 0 80000346     0411 r 08         f00401e8  c.addi   s0, 0x4
#709 0 80000348     0491 r 09         f00411e8  c.addi   s1, 0x4
#710 0 8000034a     0a05 r 14         00000056  c.addi   s4, 0x1
#711 0 8000034c ff5a13e3 r 00         00000000  bne      s4, s5, . - 0x1a
#712 0 80000332 000a0563 r 00         00000000  beq      s4, zero, . + 0xa
#713 0 80000336 00042023 m f00401e8   00000000  sw       zero, 0x0(s0)
#714 0 8000033a     a021 r 00         00000000  c.j      . + 0x8
#715 0 80000342 0004a023 m f00411e8   00000000  sw       zero, 0x0(s1)
#716 0 80000346     0411 r 08         f00401ec  c.addi   s0, 0x4
#717 0 80000348     0491 r 09         f00411ec  c.addi   s1, 0x4
#718 0 8000034a     0a05 r 14         00000057  c.addi   s4, 0x1
#719 0 8000034c ff5a13e3 r 00         00000000  bne      s4, s5, . - 0x1a
#720 0 80000332 000a0563 r 00         00000000  beq      s4, zero, . + 0xa
#721 0 80000336 00042023 m f00401ec   00000000  sw       zero, 0x0(s0)
#722 0 8000033a     a021 r 00         00000000  c.j      . + 0x8
#723 0 80000342 0004a023 m f00411ec   00000000  sw       zero, 0x0(s1)
#724 0 80000346     0411 r 08         f00401f0  c.addi   s0, 0x4
#725 0 80000348     0491 r 09         f00411f0  c.addi   s1, 0x4
#726 0 8000034a     0a05 r 14         00000058  c.addi   s4, 0x1
#727 0 8000034c ff5a13e3 r 00         00000000  bne      s4, s5, . - 0x1a
#728 0 80000332 000a0563 r 00         00000000  beq      s4, zero, . + 0xa
#729 0 80000336 00042023 m f00401f0   00000000  sw       zero, 0x0(s0)
#730 0 8000033a     a021 r 00         00000000  c.j      . + 0x8
#731 0 80000342 0004a023 m f00411f0   00000000  sw       zero, 0x0(s1)
#732 0 80000346     0411 r 08         f00401f4  c.addi   s0, 0x4
#733 0 80000348     0491 r 09         f00411f4  c.addi   s1, 0x4
#734 0 8000034a     0a05 r 14         00000059  c.addi   s4, 0x1
#735 0 8000034c ff5a13e3 r 00         00000000  bne      s4, s5, . - 0x1a
#736 0 80000332 000a0563 r 00         00000000  beq      s4, zero, . + 0xa
#737 0 80000336 00042023 m f00401f4   00000000  sw       zero, 0x0(s0)
#738 0 8000033a     a021 r 00         00000000  c.j      . + 0x8
#739 0 80000342 0004a023 m f00411f4   00000000  sw       zero, 0x0(s1)
#740 0 80000346     0411 r 08         f00401f8  c.addi   s0, 0x4
#741 0 80000348     0491 r 09         f00411f8  c.addi   s1, 0x4
#742 0 8000034a     0a05 r 14         0000005a  c.addi   s4, 0x1
#743 0 8000034c ff5a13e3 r 00         00000000  bne      s4, s5, . - 0x1a
#744 0 80000332 000a0563 r 00         00000000  beq      s4, zero, . + 0xa
#745 0 80000336 00042023 m f00401f8   00000000  sw       zero, 0x0(s0)
#746 0 8000033a     a021 r 00         00000000  c.j      . + 0x8
#747 0 80000342 0004a023 m f00411f8   00000000  sw       zero, 0x0(s1)
#748 0 80000346     0411 r 08         f00401fc  c.addi   s0, 0x4
#749 0 80000348     0491 r 09         f00411fc  c.addi   s1, 0x4
#750 0 8000034a     0a05 r 14         0000005b  c.addi   s4, 0x1
#751 0 8000034c ff5a13e3 r 00         00000000  bne      s4, s5, . - 0x1a
#752 0 80000332 000a0563 r 00         00000000  beq      s4, zero, . + 0xa
#753 0 80000336 00042023 m f00401fc   00000000  sw       zero, 0x0(s0)
#754 0 8000033a     a021 r 00         00000000  c.j      . + 0x8
#755 0 80000342 0004a023 m f00411fc   00000000  sw       zero, 0x0(s1)
#756 0 80000346     0411 r 08         f0040200  c.addi   s0, 0x4
#757 0 80000348     0491 r 09         f0041200  c.addi   s1, 0x4
#758 0 8000034a     0a05 r 14         0000005c  c.addi   s4, 0x1
#759 0 8000034c ff5a13e3 r 00         00000000  bne      s4, s5, . - 0x1a
#760 0 80000332 000a0563 r 00         00000000  beq      s4, zero, . + 0xa
#761 0 80000336 00042023 m f0040200   00000000  sw       zero, 0x0(s0)
#762 0 8000033a     a021 r 00         00000000  c.j      . + 0x8
#763 0 80000342 0004a023 m f0041200   00000000  sw       zero, 0x0(s1)
#764 0 80000346     0411 r 08         f0040204  c.addi   s0, 0x4
#765 0 80000348     0491 r 09         f0041204  c.addi   s1, 0x4
#766 0 8000034a     0a05 r 14         0000005d  c.addi   s4, 0x1
#767 0 8000034c ff5a13e3 r 00         00000000  bne      s4, s5, . - 0x1a
#768 0 80000332 000a0563 r 00         00000000  beq      s4, zero, . + 0xa
#769 0 80000336 00042023 m f0040204   00000000  sw       zero, 0x0(s0)
#770 0 8000033a     a021 r 00         00000000  c.j      . + 0x8
#771 0 80000342 0004a023 m f0041204   00000000  sw       zero, 0x0(s1)
#772 0 80000346     0411 r 08         f0040208  c.addi   s0, 0x4
#773 0 80000348     0491 r 09         f0041208  c.addi   s1, 0x4
#774 0 8000034a     0a05 r 14         0000005e  c.addi   s4, 0x1
#775 0 8000034c ff5a13e3 r 00         00000000  bne      s4, s5, . - 0x1a
#776 0 80000332 000a0563 r 00         00000000  beq      s4, zero, . + 0xa
#777 0 80000336 00042023 m f0040208   00000000  sw       zero, 0x0(s0)
#778 0 8000033a     a021 r 00         00000000  c.j      . + 0x8
#779 0 80000342 0004a023 m f0041208   00000000  sw       zero, 0x0(s1)
#780 0 80000346     0411 r 08         f004020c  c.addi   s0, 0x4
#781 0 80000348     0491 r 09         f004120c  c.addi   s1, 0x4
#782 0 8000034a     0a05 r 14         0000005f  c.addi   s4, 0x1
#783 0 8000034c ff5a13e3 r 00         00000000  bne      s4, s5, . - 0x1a
#784 0 80000332 000a0563 r 00         00000000  beq      s4, zero, . + 0xa
#785 0 80000336 00042023 m f004020c   00000000  sw       zero, 0x0(s0)
#786 0 8000033a     a021 r 00         00000000  c.j      . + 0x8
#787 0 80000342 0004a023 m f004120c   00000000  sw       zero, 0x0(s1)
#788 0 80000346     0411 r 08         f0040210  c.addi   s0, 0x4
#789 0 80000348     0491 r 09         f0041210  c.addi   s1, 0x4
#790 0 8000034a     0a05 r 14         00000060  c.addi   s4, 0x1
#791 0 8000034c ff5a13e3 r 00         00000000  bne      s4, s5, . - 0x1a
#792 0 80000332 000a0563 r 00         00000000  beq      s4, zero, . + 0xa
#793 0 80000336 00042023 m f0040210   00000000  sw       zero, 0x0(s0)
#794 0 8000033a     a021 r 00         00000000  c.j      . + 0x8
#795 0 80000342 0004a023 m f0041210   00000000  sw       zero, 0x0(s1)
#796 0 80000346     0411 r 08         f0040214  c.addi   s0, 0x4
#797 0 80000348     0491 r 09         f0041214  c.addi   s1, 0x4
#798 0 8000034a     0a05 r 14         00000061  c.addi   s4, 0x1
#799 0 8000034c ff5a13e3 r 00         00000000  bne      s4, s5, . - 0x1a
#800 0 80000332 000a0563 r 00         00000000  beq      s4, zero, . + 0xa
#801 0 80000336 00042023 m f0040214   00000000  sw       zero, 0x0(s0)
#802 0 8000033a     a021 r 00         00000000  c.j      . + 0x8
#803 0 80000342 0004a023 m f0041214   00000000  sw       zero, 0x0(s1)
#804 0 80000346     0411 r 08         f0040218  c.addi   s0, 0x4
#805 0 80000348     0491 r 09         f0041218  c.addi   s1, 0x4
#806 0 8000034a     0a05 r 14         00000062  c.addi   s4, 0x1
#807 0 8000034c ff5a13e3 r 00         00000000  bne      s4, s5, . - 0x1a
#808 0 80000332 000a0563 r 00         00000000  beq      s4, zero, . + 0xa
#809 0 80000336 00042023 m f0040218   00000000  sw       zero, 0x0(s0)
#810 0 8000033a     a021 r 00         00000000  c.j      . + 0x8
#811 0 80000342 0004a023 m f0041218   00000000  sw       zero, 0x0(s1)
#812 0 80000346     0411 r 08         f004021c  c.addi   s0, 0x4
#813 0 80000348     0491 r 09         f004121c  c.addi   s1, 0x4
#814 0 8000034a     0a05 r 14         00000063  c.addi   s4, 0x1
#815 0 8000034c ff5a13e3 r 00         00000000  bne      s4, s5, . - 0x1a
#816 0 80000332 000a0563 r 00         00000000  beq      s4, zero, . + 0xa
#817 0 80000336 00042023 m f004021c   00000000  sw       zero, 0x0(s0)
#818 0 8000033a     a021 r 00         00000000  c.j      . + 0x8
#819 0 80000342 0004a023 m f004121c   00000000  sw       zero, 0x0(s1)
#820 0 80000346     0411 r 08         f0040220  c.addi   s0, 0x4
#821 0 80000348     0491 r 09         f0041220  c.addi   s1, 0x4
#822 0 8000034a     0a05 r 14         00000064  c.addi   s4, 0x1
#823 0 8000034c ff5a13e3 r 00         00000000  bne      s4, s5, . - 0x1a
#824 0 80000332 000a0563 r 00         00000000  beq      s4, zero, . + 0xa
#825 0 80000336 00042023 m f0040220   00000000  sw       zero, 0x0(s0)
#826 0 8000033a     a021 r 00         00000000  c.j      . + 0x8
#827 0 80000342 0004a023 m f0041220   00000000  sw       zero, 0x0(s1)
#828 0 80000346     0411 r 08         f0040224  c.addi   s0, 0x4
#829 0 80000348     0491 r 09         f0041224  c.addi   s1, 0x4
#830 0 8000034a     0a05 r 14         00000065  c.addi   s4, 0x1
#831 0 8000034c ff5a13e3 r 00         00000000  bne      s4, s5, . - 0x1a
#832 0 80000332 000a0563 r 00         00000000  beq      s4, zero, . + 0xa
#833 0 80000336 00042023 m f0040224   00000000  sw       zero, 0x0(s0)
#834 0 8000033a     a021 r 00         00000000  c.j      . + 0x8
#835 0 80000342 0004a023 m f0041224   00000000  sw       zero, 0x0(s1)
#836 0 80000346     0411 r 08         f0040228  c.addi   s0, 0x4
#837 0 80000348     0491 r 09         f0041228  c.addi   s1, 0x4
#838 0 8000034a     0a05 r 14         00000066  c.addi   s4, 0x1
#839 0 8000034c ff5a13e3 r 00         00000000  bne      s4, s5, . - 0x1a
#840 0 80000332 000a0563 r 00         00000000  beq      s4, zero, . + 0xa
#841 0 80000336 00042023 m f0040228   00000000  sw       zero, 0x0(s0)
#842 0 8000033a     a021 r 00         00000000  c.j      . + 0x8
#843 0 80000342 0004a023 m f0041228   00000000  sw       zero, 0x0(s1)
#844 0 80000346     0411 r 08         f004022c  c.addi   s0, 0x4
#845 0 80000348     0491 r 09         f004122c  c.addi   s1, 0x4
#846 0 8000034a     0a05 r 14         00000067  c.addi   s4, 0x1
#847 0 8000034c ff5a13e3 r 00         00000000  bne      s4, s5, . - 0x1a
#848 0 80000332 000a0563 r 00         00000000  beq      s4, zero, . + 0xa
#849 0 80000336 00042023 m f004022c   00000000  sw       zero, 0x0(s0)
#850 0 8000033a     a021 r 00         00000000  c.j      . + 0x8
#851 0 80000342 0004a023 m f004122c   00000000  sw       zero, 0x0(s1)
#852 0 80000346     0411 r 08         f0040230  c.addi   s0, 0x4
#853 0 80000348     0491 r 09         f0041230  c.addi   s1, 0x4
#854 0 8000034a     0a05 r 14         00000068  c.addi   s4, 0x1
#855 0 8000034c ff5a13e3 r 00         00000000  bne      s4, s5, . - 0x1a
#856 0 80000332 000a0563 r 00         00000000  beq      s4, zero, . + 0xa
#857 0 80000336 00042023 m f0040230   00000000  sw       zero, 0x0(s0)
#858 0 8000033a     a021 r 00         00000000  c.j      . + 0x8
#859 0 80000342 0004a023 m f0041230   00000000  sw       zero, 0x0(s1)
#860 0 80000346     0411 r 08         f0040234  c.addi   s0, 0x4
#861 0 80000348     0491 r 09         f0041234  c.addi   s1, 0x4
#862 0 8000034a     0a05 r 14         00000069  c.addi   s4, 0x1
#863 0 8000034c ff5a13e3 r 00         00000000  bne      s4, s5, . - 0x1a
#864 0 80000332 000a0563 r 00         00000000  beq      s4, zero, . + 0xa
#865 0 80000336 00042023 m f0040234   00000000  sw       zero, 0x0(s0)
#866 0 8000033a     a021 r 00         00000000  c.j      . + 0x8
#867 0 80000342 0004a023 m f0041234   00000000  sw       zero, 0x0(s1)
#868 0 80000346     0411 r 08         f0040238  c.addi   s0, 0x4
#869 0 80000348     0491 r 09         f0041238  c.addi   s1, 0x4
#870 0 8000034a     0a05 r 14         0000006a  c.addi   s4, 0x1
#871 0 8000034c ff5a13e3 r 00         00000000  bne      s4, s5, . - 0x1a
#872 0 80000332 000a0563 r 00         00000000  beq      s4, zero, . + 0xa
#873 0 80000336 00042023 m f0040238   00000000  sw       zero, 0x0(s0)
#874 0 8000033a     a021 r 00         00000000  c.j      . + 0x8
#875 0 80000342 0004a023 m f0041238   00000000  sw       zero, 0x0(s1)
#876 0 80000346     0411 r 08         f004023c  c.addi   s0, 0x4
#877 0 80000348     0491 r 09         f004123c  c.addi   s1, 0x4
#878 0 8000034a     0a05 r 14         0000006b  c.addi   s4, 0x1
#879 0 8000034c ff5a13e3 r 00         00000000  bne      s4, s5, . - 0x1a
#880 0 80000332 000a0563 r 00         00000000  beq      s4, zero, . + 0xa
#881 0 80000336 00042023 m f004023c   00000000  sw       zero, 0x0(s0)
#882 0 8000033a     a021 r 00         00000000  c.j      . + 0x8
#883 0 80000342 0004a023 m f004123c   00000000  sw       zero, 0x0(s1)
#884 0 80000346     0411 r 08         f0040240  c.addi   s0, 0x4
#885 0 80000348     0491 r 09         f0041240  c.addi   s1, 0x4
#886 0 8000034a     0a05 r 14         0000006c  c.addi   s4, 0x1
#887 0 8000034c ff5a13e3 r 00         00000000  bne      s4, s5, . - 0x1a
#888 0 80000332 000a0563 r 00         00000000  beq      s4, zero, . + 0xa
#889 0 80000336 00042023 m f0040240   00000000  sw       zero, 0x0(s0)
#890 0 8000033a     a021 r 00         00000000  c.j      . + 0x8
#891 0 80000342 0004a023 m f0041240   00000000  sw       zero, 0x0(s1)
#892 0 80000346     0411 r 08         f0040244  c.addi   s0, 0x4
#893 0 80000348     0491 r 09         f0041244  c.addi   s1, 0x4
#894 0 8000034a     0a05 r 14         0000006d  c.addi   s4, 0x1
#895 0 8000034c ff5a13e3 r 00         00000000  bne      s4, s5, . - 0x1a
#896 0 80000332 000a0563 r 00         00000000  beq      s4, zero, . + 0xa
#897 0 80000336 00042023 m f0040244   00000000  sw       zero, 0x0(s0)
#898 0 8000033a     a021 r 00         00000000  c.j      . + 0x8
#899 0 80000342 0004a023 m f0041244   00000000  sw       zero, 0x0(s1)
#900 0 80000346     0411 r 08         f0040248  c.addi   s0, 0x4
#901 0 80000348     0491 r 09         f0041248  c.addi   s1, 0x4
#902 0 8000034a     0a05 r 14         0000006e  c.addi   s4, 0x1
#903 0 8000034c ff5a13e3 r 00         00000000  bne      s4, s5, . - 0x1a
#904 0 80000332 000a0563 r 00         00000000  beq      s4, zero, . + 0xa
#905 0 80000336 00042023 m f0040248   00000000  sw       zero, 0x0(s0)
#906 0 8000033a     a021 r 00         00000000  c.j      . + 0x8
#907 0 80000342 0004a023 m f0041248   00000000  sw       zero, 0x0(s1)
#908 0 80000346     0411 r 08         f004024c  c.addi   s0, 0x4
#909 0 80000348     0491 r 09         f004124c  c.addi   s1, 0x4
#910 0 8000034a     0a05 r 14         0000006f  c.addi   s4, 0x1
#911 0 8000034c ff5a13e3 r 00         00000000  bne      s4, s5, . - 0x1a
#912 0 80000332 000a0563 r 00         00000000  beq      s4, zero, . + 0xa
#913 0 80000336 00042023 m f004024c   00000000  sw       zero, 0x0(s0)
#914 0 8000033a     a021 r 00         00000000  c.j      . + 0x8
#915 0 80000342 0004a023 m f004124c   00000000  sw       zero, 0x0(s1)
#916 0 80000346     0411 r 08         f0040250  c.addi   s0, 0x4
#917 0 80000348     0491 r 09         f0041250  c.addi   s1, 0x4
#918 0 8000034a     0a05 r 14         00000070  c.addi   s4, 0x1
#919 0 8000034c ff5a13e3 r 00         00000000  bne      s4, s5, . - 0x1a
#920 0 80000332 000a0563 r 00         00000000  beq      s4, zero, . + 0xa
#921 0 80000336 00042023 m f0040250   00000000  sw       zero, 0x0(s0)
#922 0 8000033a     a021 r 00         00000000  c.j      . + 0x8
#923 0 80000342 0004a023 m f0041250   00000000  sw       zero, 0x0(s1)
#924 0 80000346     0411 r 08         f0040254  c.addi   s0, 0x4
#925 0 80000348     0491 r 09         f0041254  c.addi   s1, 0x4
#926 0 8000034a     0a05 r 14         00000071  c.addi   s4, 0x1
#927 0 8000034c ff5a13e3 r 00         00000000  bne      s4, s5, . - 0x1a
#928 0 80000332 000a0563 r 00         00000000  beq      s4, zero, . + 0xa
#929 0 80000336 00042023 m f0040254   00000000  sw       zero, 0x0(s0)
#930 0 8000033a     a021 r 00         00000000  c.j      . + 0x8
#931 0 80000342 0004a023 m f0041254   00000000  sw       zero, 0x0(s1)
#932 0 80000346     0411 r 08         f0040258  c.addi   s0, 0x4
#933 0 80000348     0491 r 09         f0041258  c.addi   s1, 0x4
#934 0 8000034a     0a05 r 14         00000072  c.addi   s4, 0x1
#935 0 8000034c ff5a13e3 r 00         00000000  bne      s4, s5, . - 0x1a
#936 0 80000332 000a0563 r 00         00000000  beq      s4, zero, . + 0xa
#937 0 80000336 00042023 m f0040258   00000000  sw       zero, 0x0(s0)
#938 0 8000033a     a021 r 00         00000000  c.j      . + 0x8
#939 0 80000342 0004a023 m f0041258   00000000  sw       zero, 0x0(s1)
#940 0 80000346     0411 r 08         f004025c  c.addi   s0, 0x